<?xml version="1.0" encoding="UTF-8"?>
<testng-results skipped="0" failed="0" total="1" passed="1">
  <reporter-output>
  </reporter-output>
  <suite name="Default suite" duration-ms="4557" started-at="2017-09-11T05:52:08Z" finished-at="2017-09-11T05:52:13Z">
    <groups>
    </groups>
    <test name="Default test" duration-ms="4557" started-at="2017-09-11T05:52:08Z" finished-at="2017-09-11T05:52:13Z">
      <class name="Login.Login.loginScript">
        <test-method status="PASS" signature="loadUrl()[pri:0, instance:Login.Login.loginScript@6500df86]" name="loadUrl" is-config="true" duration-ms="3327" started-at="2017-09-11T11:22:08Z" finished-at="2017-09-11T11:22:12Z">
          <reporter-output>
          </reporter-output>
        </test-method> <!-- loadUrl -->
        <test-method status="PASS" signature="enterCredentials()[pri:0, instance:Login.Login.loginScript@6500df86]" name="enterCredentials" duration-ms="1017" started-at="2017-09-11T11:22:12Z" finished-at="2017-09-11T11:22:13Z">
          <reporter-output>
          </reporter-output>
        </test-method> <!-- enterCredentials -->
        <test-method status="PASS" signature="closeWindow()[pri:0, instance:Login.Login.loginScript@6500df86]" name="closeWindow" is-config="true" duration-ms="199" started-at="2017-09-11T11:22:13Z" finished-at="2017-09-11T11:22:13Z">
          <reporter-output>
          </reporter-output>
        </test-method> <!-- closeWindow -->
      </class> <!-- Login.Login.loginScript -->
    </test> <!-- Default test -->
  </suite> <!-- Default suite -->
</testng-results>
